TN:
SF:src\App.jsx
FN:3,App
FNF:1
FNH:0
FNDA:0,App
DA:4,0
LF:1
LH:0
BRF:0
BRH:0
end_of_record
TN:
SF:src\app\layout\AnimatedPage.jsx
FN:3,AnimatedPage
FNF:1
FNH:0
FNDA:0,AnimatedPage
DA:4,0
LF:1
LH:0
BRF:0
BRH:0
end_of_record
TN:
SF:src\app\layout\Footer.jsx
FN:1,Footer
FNF:1
FNH:0
FNDA:0,Footer
DA:2,0
LF:1
LH:0
BRF:0
BRH:0
end_of_record
TN:
SF:src\app\layout\Layout.jsx
FN:11,Layout
FN:22,(anonymous_1)
FN:27,(anonymous_2)
FN:38,(anonymous_3)
FN:51,(anonymous_4)
FN:51,(anonymous_5)
FN:52,(anonymous_6)
FN:57,(anonymous_7)
FNF:8
FNH:0
FNDA:0,Layout
FNDA:0,(anonymous_1)
FNDA:0,(anonymous_2)
FNDA:0,(anonymous_3)
FNDA:0,(anonymous_4)
FNDA:0,(anonymous_5)
FNDA:0,(anonymous_6)
FNDA:0,(anonymous_7)
DA:12,0
DA:14,0
DA:15,0
DA:17,0
DA:18,0
DA:19,0
DA:22,0
DA:23,0
DA:25,0
DA:27,0
DA:30,0
DA:31,0
DA:32,0
DA:38,0
DA:39,0
DA:42,0
DA:51,0
DA:52,0
DA:57,0
LF:19
LH:0
BRDA:25,0,0,0
BRDA:25,0,1,0
BRDA:25,1,0,0
BRDA:25,1,1,0
BRDA:39,2,0,0
BRDA:39,2,1,0
BRDA:46,3,0,0
BRDA:46,3,1,0
BRDA:57,4,0,0
BRDA:57,4,1,0
BRF:10
BRH:0
end_of_record
TN:
SF:src\app\layout\Navbar.jsx
FN:9,Navbar
FN:21,(anonymous_1)
FN:22,(anonymous_2)
FN:26,(anonymous_3)
FN:30,(anonymous_4)
FN:32,(anonymous_5)
FN:36,(anonymous_6)
FN:39,DesktopNavItem
FN:101,(anonymous_8)
FN:111,(anonymous_9)
FN:130,(anonymous_10)
FN:138,(anonymous_11)
FN:147,(anonymous_12)
FN:170,(anonymous_13)
FN:186,(anonymous_14)
FN:195,(anonymous_15)
FN:206,(anonymous_16)
FN:218,(anonymous_17)
FN:230,(anonymous_18)
FN:241,(anonymous_19)
FNF:20
FNH:0
FNDA:0,Navbar
FNDA:0,(anonymous_1)
FNDA:0,(anonymous_2)
FNDA:0,(anonymous_3)
FNDA:0,(anonymous_4)
FNDA:0,(anonymous_5)
FNDA:0,(anonymous_6)
FNDA:0,DesktopNavItem
FNDA:0,(anonymous_8)
FNDA:0,(anonymous_9)
FNDA:0,(anonymous_10)
FNDA:0,(anonymous_11)
FNDA:0,(anonymous_12)
FNDA:0,(anonymous_13)
FNDA:0,(anonymous_14)
FNDA:0,(anonymous_15)
FNDA:0,(anonymous_16)
FNDA:0,(anonymous_17)
FNDA:0,(anonymous_18)
FNDA:0,(anonymous_19)
DA:10,0
DA:11,0
DA:13,0
DA:21,0
DA:22,0
DA:23,0
DA:26,0
DA:30,0
DA:31,0
DA:32,0
DA:33,0
DA:35,0
DA:36,0
DA:40,0
DA:42,0
DA:83,0
DA:101,0
DA:112,0
DA:130,0
DA:138,0
DA:147,0
DA:170,0
DA:186,0
DA:195,0
DA:207,0
DA:209,0
DA:218,0
DA:231,0
DA:232,0
DA:242,0
DA:243,0
LF:31
LH:0
BRDA:31,0,0,0
BRDA:31,0,1,0
BRDA:33,1,0,0
BRDA:33,1,1,0
BRDA:48,2,0,0
BRDA:48,2,1,0
BRDA:49,3,0,0
BRDA:49,3,1,0
BRDA:50,4,0,0
BRDA:50,4,1,0
BRDA:64,5,0,0
BRDA:64,5,1,0
BRDA:74,6,0,0
BRDA:74,6,1,0
BRDA:88,7,0,0
BRDA:88,7,1,0
BRDA:126,8,0,0
BRDA:126,8,1,0
BRDA:162,9,0,0
BRDA:162,9,1,0
BRDA:162,9,2,0
BRDA:214,10,0,0
BRDA:214,10,1,0
BRF:23
BRH:0
end_of_record
TN:
SF:src\app\routes\AppRoutes.jsx
FN:8,(anonymous_0)
FN:9,(anonymous_1)
FN:11,(anonymous_2)
FN:12,(anonymous_3)
FN:15,(anonymous_4)
FN:17,(anonymous_5)
FN:18,(anonymous_6)
FN:19,(anonymous_7)
FN:20,(anonymous_8)
FN:23,(anonymous_9)
FN:25,AppRoutes
FNF:11
FNH:0
FNDA:0,(anonymous_0)
FNDA:0,(anonymous_1)
FNDA:0,(anonymous_2)
FNDA:0,(anonymous_3)
FNDA:0,(anonymous_4)
FNDA:0,(anonymous_5)
FNDA:0,(anonymous_6)
FNDA:0,(anonymous_7)
FNDA:0,(anonymous_8)
FNDA:0,(anonymous_9)
FNDA:0,AppRoutes
DA:8,0
DA:9,0
DA:11,0
DA:12,0
DA:13,0
DA:15,0
DA:17,0
DA:18,0
DA:19,0
DA:20,0
DA:21,0
DA:23,0
DA:26,0
DA:28,0
LF:14
LH:0
BRDA:36,0,0,0
BRDA:36,0,1,0
BRDA:72,1,0,0
BRDA:72,1,1,0
BRF:4
BRH:0
end_of_record
TN:
SF:src\app\routes\ProtectedRoute.jsx
FN:5,ProtectedRoute
FNF:1
FNH:0
FNDA:0,ProtectedRoute
DA:6,0
DA:8,0
DA:9,0
DA:11,0
LF:4
LH:0
BRDA:5,0,0,0
BRDA:8,1,0,0
BRDA:8,1,1,0
BRDA:9,2,0,0
BRDA:9,2,1,0
BRF:5
BRH:0
end_of_record
TN:
SF:src\data\auth\firebaseAuth.adapter.js
FNF:0
FNH:0
LF:0
LH:0
BRF:0
BRH:0
end_of_record
TN:
SF:src\data\exercises\exercises.mapper.js
FN:5,stripHtml
FN:9,pickEnglishTranslation
FN:14,(anonymous_2)
FN:28,normalizeExercise
FN:44,(anonymous_4)
FN:48,(anonymous_5)
FN:52,(anonymous_6)
FNF:7
FNH:7
FNDA:3,stripHtml
FNDA:3,pickEnglishTranslation
FNDA:1,(anonymous_2)
FNDA:3,normalizeExercise
FNDA:1,(anonymous_4)
FNDA:1,(anonymous_5)
FNDA:1,(anonymous_6)
DA:3,1
DA:6,3
DA:10,3
DA:14,3
DA:15,1
DA:16,1
DA:17,0
DA:18,0
DA:19,0
DA:20,0
DA:22,0
DA:25,3
DA:29,3
DA:32,3
DA:38,3
DA:41,3
DA:43,3
DA:44,1
DA:47,3
DA:48,1
DA:51,3
DA:52,1
DA:55,3
LF:23
LH:18
BRDA:5,0,0,3
BRDA:9,1,0,3
BRDA:10,2,0,3
BRDA:10,2,1,0
BRDA:16,3,0,1
BRDA:16,3,1,0
BRDA:17,4,0,0
BRDA:17,4,1,0
BRDA:17,5,0,0
BRDA:17,5,1,0
BRDA:18,6,0,0
BRDA:18,6,1,0
BRDA:19,7,0,0
BRDA:19,7,1,0
BRDA:25,8,0,3
BRDA:25,8,1,2
BRDA:25,8,2,2
BRDA:28,9,0,3
BRDA:32,10,0,3
BRDA:32,10,1,0
BRDA:32,10,2,3
BRDA:32,10,3,1
BRDA:32,10,4,2
BRDA:32,10,5,0
BRDA:32,10,6,2
BRDA:38,11,0,3
BRDA:38,11,1,3
BRDA:38,11,2,2
BRDA:38,11,3,2
BRDA:41,12,0,3
BRDA:41,12,1,2
BRDA:41,12,2,2
BRDA:43,13,0,1
BRDA:43,13,1,2
BRDA:44,14,0,1
BRDA:44,14,1,0
BRDA:47,15,0,1
BRDA:47,15,1,2
BRDA:48,16,0,1
BRDA:48,16,1,0
BRDA:51,17,0,1
BRDA:51,17,1,2
BRDA:52,18,0,1
BRDA:52,18,1,0
BRF:44
BRH:29
end_of_record
TN:
SF:src\data\exercises\exercises.repository.js
FN:9,fetchExercises
FN:27,(anonymous_1)
FN:28,(anonymous_2)
FNF:3
FNH:3
FNDA:2,fetchExercises
FNDA:3,(anonymous_1)
FNDA:3,(anonymous_2)
DA:6,1
DA:7,1
DA:15,2
DA:17,2
DA:24,2
DA:26,2
DA:27,3
DA:28,3
DA:30,2
LF:9
LH:9
BRDA:9,0,0,2
BRDA:10,1,0,2
BRDA:11,2,0,2
BRDA:12,3,0,2
BRDA:24,4,0,2
BRDA:24,4,1,0
BRDA:28,5,0,3
BRDA:28,5,1,3
BRDA:28,5,2,1
BRDA:32,6,0,2
BRDA:32,6,1,2
BRDA:33,7,0,2
BRDA:33,7,1,2
BRDA:34,8,0,2
BRDA:34,8,1,0
BRF:15
BRH:13
end_of_record
TN:
SF:src\data\http\httpClient.js
FN:3,sleep
FN:4,(anonymous_1)
FN:7,isRetryableStatus
FN:11,fetchJsonWithTimeout
FN:17,(anonymous_4)
FN:23,(anonymous_5)
FN:58,fetchWithRetry
FNF:7
FNH:6
FNDA:3,sleep
FNDA:3,(anonymous_1)
FNDA:5,isRetryableStatus
FNDA:11,fetchJsonWithTimeout
FNDA:0,(anonymous_4)
FNDA:1,(anonymous_5)
FNDA:5,fetchWithRetry
DA:4,3
DA:8,5
DA:15,11
DA:17,11
DA:18,11
DA:19,0
DA:20,0
DA:23,11
DA:25,11
DA:26,11
DA:28,10
DA:29,10
DA:30,10
DA:32,0
DA:35,10
DA:36,6
DA:39,6
DA:40,6
DA:41,6
DA:44,4
DA:46,7
DA:47,1
DA:48,1
DA:49,1
DA:51,6
DA:53,11
DA:54,11
DA:64,5
DA:66,5
DA:67,5
DA:68,8
DA:69,8
DA:71,5
DA:73,5
DA:74,5
DA:76,5
DA:77,2
DA:80,3
LF:38
LH:35
BRDA:8,0,0,5
BRDA:8,0,1,5
BRDA:8,0,2,5
BRDA:8,0,3,4
BRDA:13,1,0,11
BRDA:13,2,0,11
BRDA:18,3,0,0
BRDA:18,3,1,11
BRDA:19,4,0,0
BRDA:19,4,1,0
BRDA:35,5,0,6
BRDA:35,5,1,4
BRDA:37,6,0,6
BRDA:37,6,1,6
BRDA:37,6,2,0
BRDA:46,7,0,1
BRDA:46,7,1,6
BRDA:54,8,0,0
BRDA:54,8,1,11
BRDA:58,9,0,5
BRDA:60,10,0,5
BRDA:61,11,0,5
BRDA:62,12,0,5
BRDA:74,13,0,0
BRDA:74,13,1,5
BRDA:76,14,0,2
BRDA:76,14,1,3
BRDA:76,15,0,5
BRDA:76,15,1,5
BRDA:76,15,2,4
BRF:30
BRH:24
end_of_record
TN:
SF:src\domain\exercises\exercise.entity.js
FNF:0
FNH:0
LF:0
LH:0
BRF:0
BRH:0
end_of_record
TN:
SF:src\domain\exercises\exercise.usecases.js
FNF:0
FNH:0
LF:0
LH:0
BRF:0
BRH:0
end_of_record
TN:
SF:src\domain\workouts\workout.entity.js
FNF:0
FNH:0
LF:0
LH:0
BRF:0
BRH:0
end_of_record
TN:
SF:src\domain\workouts\workout.usecases.js
FNF:0
FNH:0
LF:0
LH:0
BRF:0
BRH:0
end_of_record
TN:
SF:src\features\auth\firebase.js
FN:4,getEnvVariable
FNF:1
FNH:1
FNDA:6,getEnvVariable
DA:5,6
DA:7,6
DA:8,0
DA:9,0
DA:11,0
DA:15,6
DA:18,1
DA:27,1
DA:29,1
DA:30,1
LF:10
LH:7
BRDA:7,0,0,0
BRDA:7,0,1,6
BRDA:8,1,0,0
BRDA:8,1,1,0
BRF:4
BRH:1
end_of_record
TN:
SF:src\features\auth\index.js
FNF:0
FNH:0
LF:0
LH:0
BRF:0
BRH:0
end_of_record
TN:
SF:src\features\auth\components\AuthModal.jsx
FN:8,AuthModal
FN:18,(anonymous_1)
FN:24,(anonymous_2)
FN:25,(anonymous_3)
FN:29,(anonymous_4)
FN:33,(anonymous_5)
FN:36,(anonymous_6)
FN:41,(anonymous_7)
FN:46,(anonymous_8)
FN:63,(anonymous_9)
FN:78,(anonymous_10)
FN:79,(anonymous_11)
FN:162,(anonymous_12)
FN:170,(anonymous_13)
FN:180,(anonymous_14)
FN:218,(anonymous_15)
FN:235,(anonymous_16)
FNF:17
FNH:0
FNDA:0,AuthModal
FNDA:0,(anonymous_1)
FNDA:0,(anonymous_2)
FNDA:0,(anonymous_3)
FNDA:0,(anonymous_4)
FNDA:0,(anonymous_5)
FNDA:0,(anonymous_6)
FNDA:0,(anonymous_7)
FNDA:0,(anonymous_8)
FNDA:0,(anonymous_9)
FNDA:0,(anonymous_10)
FNDA:0,(anonymous_11)
FNDA:0,(anonymous_12)
FNDA:0,(anonymous_13)
FNDA:0,(anonymous_14)
FNDA:0,(anonymous_15)
FNDA:0,(anonymous_16)
DA:9,0
DA:10,0
DA:12,0
DA:14,0
DA:15,0
DA:16,0
DA:18,0
DA:24,0
DA:25,0
DA:26,0
DA:28,0
DA:29,0
DA:33,0
DA:34,0
DA:35,0
DA:36,0
DA:37,0
DA:41,0
DA:42,0
DA:43,0
DA:46,0
DA:47,0
DA:48,0
DA:49,0
DA:51,0
DA:52,0
DA:53,0
DA:55,0
DA:57,0
DA:59,0
DA:63,0
DA:64,0
DA:65,0
DA:67,0
DA:68,0
DA:69,0
DA:71,0
DA:73,0
DA:78,0
DA:79,0
DA:81,0
DA:162,0
DA:170,0
DA:181,0
DA:220,0
DA:221,0
DA:236,0
DA:237,0
LF:48
LH:0
BRDA:8,0,0,0
BRDA:18,1,0,0
BRDA:18,1,1,0
BRDA:18,1,2,0
BRDA:26,2,0,0
BRDA:26,2,1,0
BRDA:52,3,0,0
BRDA:52,3,1,0
BRDA:57,4,0,0
BRDA:57,4,1,0
BRDA:71,5,0,0
BRDA:71,5,1,0
BRDA:123,6,0,0
BRDA:123,6,1,0
BRDA:126,7,0,0
BRDA:126,7,1,0
BRDA:143,8,0,0
BRDA:143,8,1,0
BRDA:159,9,0,0
BRDA:159,9,1,0
BRDA:185,10,0,0
BRDA:185,10,1,0
BRDA:194,11,0,0
BRDA:194,11,1,0
BRDA:196,12,0,0
BRDA:196,12,1,0
BRDA:212,13,0,0
BRDA:212,13,1,0
BRF:28
BRH:0
end_of_record
TN:
SF:src\features\auth\context\AuthContext.jsx
FN:16,useAuth
FN:20,AuthProvider
FN:25,(anonymous_2)
FN:26,(anonymous_3)
FN:33,(anonymous_4)
FN:52,(anonymous_5)
FN:64,(anonymous_6)
FN:76,(anonymous_7)
FN:87,(anonymous_8)
FN:99,(anonymous_9)
FN:110,(anonymous_10)
FNF:11
FNH:5
FNDA:2,useAuth
FNDA:4,AuthProvider
FNDA:2,(anonymous_2)
FNDA:2,(anonymous_3)
FNDA:0,(anonymous_4)
FNDA:0,(anonymous_5)
FNDA:0,(anonymous_6)
FNDA:0,(anonymous_7)
FNDA:0,(anonymous_8)
FNDA:0,(anonymous_9)
FNDA:4,(anonymous_10)
DA:14,1
DA:17,2
DA:21,4
DA:22,4
DA:23,4
DA:25,4
DA:26,2
DA:27,2
DA:28,2
DA:30,2
DA:33,4
DA:34,0
DA:35,0
DA:36,0
DA:38,0
DA:39,0
DA:43,0
DA:45,0
DA:47,0
DA:48,0
DA:52,4
DA:53,0
DA:54,0
DA:55,0
DA:56,0
DA:57,0
DA:59,0
DA:60,0
DA:64,4
DA:65,0
DA:66,0
DA:67,0
DA:68,0
DA:69,0
DA:71,0
DA:72,0
DA:76,4
DA:77,0
DA:78,0
DA:79,0
DA:80,0
DA:82,0
DA:83,0
DA:87,4
DA:88,0
DA:89,0
DA:90,0
DA:91,0
DA:92,0
DA:94,0
DA:95,0
DA:99,4
DA:100,0
DA:101,0
DA:102,0
DA:103,0
DA:105,0
DA:106,0
DA:110,4
DA:111,4
DA:125,4
LF:61
LH:19
BRDA:27,0,0,1
BRDA:27,0,1,1
BRDA:38,1,0,0
BRDA:38,1,1,0
BRDA:43,2,0,0
BRDA:43,2,1,0
BRDA:45,3,0,0
BRDA:45,3,1,0
BRDA:88,4,0,0
BRDA:88,4,1,0
BRDA:91,5,0,0
BRDA:91,5,1,0
BRDA:100,6,0,0
BRDA:100,6,1,0
BRDA:125,7,0,4
BRDA:125,7,1,2
BRF:16
BRH:4
end_of_record
TN:
SF:src\features\calories\components\NumberInput.jsx
FN:3,NumberInput
FN:4,(anonymous_1)
FN:5,(anonymous_2)
FN:13,(anonymous_3)
FNF:4
FNH:0
FNDA:0,NumberInput
FNDA:0,(anonymous_1)
FNDA:0,(anonymous_2)
FNDA:0,(anonymous_3)
DA:4,0
DA:5,0
DA:6,0
DA:8,0
DA:13,0
LF:5
LH:0
BRDA:4,0,0,0
BRDA:4,0,1,0
BRDA:6,1,0,0
BRDA:6,1,1,0
BRDA:6,2,0,0
BRDA:6,2,1,0
BRF:6
BRH:0
end_of_record
TN:
SF:src\features\calories\pages\CalorieCalculator.jsx
FN:7,CalorieCalculator
FN:20,(anonymous_1)
FN:67,(anonymous_2)
FN:122,(anonymous_3)
FN:131,(anonymous_4)
FN:137,(anonymous_5)
FN:143,(anonymous_6)
FN:150,(anonymous_7)
FN:163,(anonymous_8)
FNF:9
FNH:0
FNDA:0,CalorieCalculator
FNDA:0,(anonymous_1)
FNDA:0,(anonymous_2)
FNDA:0,(anonymous_3)
FNDA:0,(anonymous_4)
FNDA:0,(anonymous_5)
FNDA:0,(anonymous_6)
FNDA:0,(anonymous_7)
FNDA:0,(anonymous_8)
DA:8,0
DA:17,0
DA:18,0
DA:20,0
DA:21,0
DA:23,0
DA:25,0
DA:28,0
DA:32,0
DA:34,0
DA:35,0
DA:37,0
DA:39,0
DA:40,0
DA:41,0
DA:42,0
DA:44,0
DA:45,0
DA:46,0
DA:48,0
DA:51,0
DA:55,0
DA:57,0
DA:59,0
DA:67,0
DA:68,0
DA:70,0
DA:71,0
DA:83,0
DA:84,0
DA:96,0
DA:97,0
DA:108,0
DA:111,0
DA:122,0
DA:131,0
DA:137,0
DA:143,0
DA:150,0
DA:163,0
LF:40
LH:0
BRDA:25,0,0,0
BRDA:25,0,1,0
BRDA:25,1,0,0
BRDA:25,1,1,0
BRDA:25,1,2,0
BRDA:28,2,0,0
BRDA:28,2,1,0
BRDA:34,3,0,0
BRDA:34,3,1,0
BRDA:35,4,0,0
BRDA:35,4,1,0
BRDA:40,5,0,0
BRDA:40,5,1,0
BRDA:41,6,0,0
BRDA:41,6,1,0
BRDA:51,7,0,0
BRDA:51,7,1,0
BRDA:70,8,0,0
BRDA:70,8,1,0
BRDA:83,9,0,0
BRDA:83,9,1,0
BRDA:96,10,0,0
BRDA:96,10,1,0
BRDA:179,11,0,0
BRDA:179,11,1,0
BRF:25
BRH:0
end_of_record
TN:
SF:src\features\contact\pages\Contact.jsx
FN:5,Contact
FN:51,(anonymous_1)
FNF:2
FNH:0
FNDA:0,Contact
FNDA:0,(anonymous_1)
DA:6,0
DA:8,0
DA:52,0
DA:53,0
LF:4
LH:0
BRDA:88,0,0,0
BRDA:88,0,1,0
BRF:2
BRH:0
end_of_record
TN:
SF:src\features\dashboard\components\dashboard\AIInsights.jsx
FN:1,AIInsights
FNF:1
FNH:0
FNDA:0,AIInsights
DA:3,0
DA:5,0
DA:7,0
DA:8,0
DA:10,0
DA:11,0
DA:13,0
DA:14,0
DA:16,0
LF:9
LH:0
BRDA:7,0,0,0
BRDA:7,0,1,0
BRDA:10,1,0,0
BRDA:10,1,1,0
BRDA:13,2,0,0
BRDA:13,2,1,0
BRF:6
BRH:0
end_of_record
TN:
SF:src\features\dashboard\components\dashboard\ActivityChart.jsx
FN:1,ActivityChart
FN:7,(anonymous_1)
FN:22,(anonymous_2)
FNF:3
FNH:0
FNDA:0,ActivityChart
FNDA:0,(anonymous_1)
FNDA:0,(anonymous_2)
DA:3,0
DA:5,0
DA:7,0
DA:9,0
DA:10,0
DA:13,0
DA:23,0
LF:7
LH:0
BRF:0
BRH:0
end_of_record
TN:
SF:src\features\dashboard\components\dashboard\ActivityTimeline.jsx
FN:1,ActivityTimeline
FN:12,(anonymous_1)
FNF:2
FNH:0
FNDA:0,ActivityTimeline
FNDA:0,(anonymous_1)
DA:3,0
DA:13,0
LF:2
LH:0
BRF:0
BRH:0
end_of_record
TN:
SF:src\features\dashboard\components\dashboard\DashboardHero.jsx
FN:3,DashboardHero
FNF:1
FNH:0
FNDA:0,DashboardHero
DA:5,0
DA:8,0
DA:12,0
LF:3
LH:0
BRDA:8,0,0,0
BRDA:8,0,1,0
BRF:2
BRH:0
end_of_record
TN:
SF:src\features\dashboard\components\dashboard\Heatmap.jsx
FN:1,Heatmap
FN:20,(anonymous_1)
FN:22,(anonymous_2)
FNF:3
FNH:0
FNDA:0,Heatmap
FNDA:0,(anonymous_1)
FNDA:0,(anonymous_2)
DA:3,0
DA:5,0
DA:6,0
DA:7,0
DA:8,0
DA:11,0
DA:22,0
DA:24,0
LF:8
LH:0
BRDA:30,0,0,0
BRDA:30,0,1,0
BRF:2
BRH:0
end_of_record
TN:
SF:src\features\dashboard\components\dashboard\MotivationStrip.jsx
FN:9,pickQuote
FN:17,MotivationStrip
FNF:2
FNH:0
FNDA:0,pickQuote
FNDA:0,MotivationStrip
DA:1,0
DA:10,0
DA:12,0
DA:13,0
DA:14,0
DA:18,0
DA:20,0
LF:7
LH:0
BRDA:14,0,0,0
BRDA:14,0,1,0
BRF:2
BRH:0
end_of_record
TN:
SF:src\features\dashboard\components\dashboard\StatsGrid.jsx
FN:1,calculateStreak
FN:5,(anonymous_1)
FN:25,StatsGrid
FN:29,(anonymous_3)
FN:41,(anonymous_4)
FNF:5
FNH:0
FNDA:0,calculateStreak
FNDA:0,(anonymous_1)
FNDA:0,StatsGrid
FNDA:0,(anonymous_3)
FNDA:0,(anonymous_4)
DA:2,0
DA:4,0
DA:5,0
DA:8,0
DA:10,0
DA:11,0
DA:15,0
DA:16,0
DA:18,0
DA:22,0
DA:27,0
DA:29,0
DA:31,0
DA:33,0
DA:39,0
DA:42,0
LF:16
LH:0
BRDA:2,0,0,0
BRDA:2,0,1,0
BRDA:15,1,0,0
BRDA:15,1,1,0
BRF:4
BRH:0
end_of_record
TN:
SF:src\features\dashboard\pages\Dashboard.jsx
FN:12,Dashboard
FNF:1
FNH:0
FNDA:0,Dashboard
DA:13,0
DA:14,0
DA:16,0
DA:18,0
LF:4
LH:0
BRF:0
BRH:0
end_of_record
TN:
SF:src\features\feedback\pages\Feedback.jsx
FN:4,Feedback
FN:9,(anonymous_1)
FN:21,(anonymous_2)
FN:49,(anonymous_3)
FN:53,(anonymous_4)
FN:70,(anonymous_5)
FNF:6
FNH:0
FNDA:0,Feedback
FNDA:0,(anonymous_1)
FNDA:0,(anonymous_2)
FNDA:0,(anonymous_3)
FNDA:0,(anonymous_4)
FNDA:0,(anonymous_5)
DA:5,0
DA:6,0
DA:7,0
DA:9,0
DA:10,0
DA:11,0
DA:14,0
DA:15,0
DA:17,0
DA:18,0
DA:19,0
DA:21,0
DA:22,0
DA:26,0
DA:50,0
DA:53,0
DA:70,0
LF:17
LH:0
BRDA:11,0,0,0
BRDA:11,0,1,0
BRDA:39,1,0,0
BRDA:39,1,1,0
BRDA:55,2,0,0
BRDA:55,2,1,0
BRF:6
BRH:0
end_of_record
TN:
SF:src\features\home\components\CTASection.jsx
FN:4,CTASection
FN:11,(anonymous_1)
FNF:2
FNH:0
FNDA:0,CTASection
FNDA:0,(anonymous_1)
DA:5,0
DA:6,0
DA:11,0
DA:12,0
DA:13,0
DA:14,0
DA:18,0
LF:7
LH:0
BRDA:13,0,0,0
BRDA:13,0,1,0
BRDA:26,1,0,0
BRDA:26,1,1,0
BRDA:43,2,0,0
BRDA:43,2,1,0
BRF:6
BRH:0
end_of_record
TN:
SF:src\features\home\components\PackagesSection.jsx
FN:148,PackagesSection
FN:155,(anonymous_1)
FN:200,(anonymous_2)
FN:218,(anonymous_3)
FN:226,(anonymous_4)
FNF:5
FNH:0
FNDA:0,PackagesSection
FNDA:0,(anonymous_1)
FNDA:0,(anonymous_2)
FNDA:0,(anonymous_3)
FNDA:0,(anonymous_4)
DA:4,0
DA:149,0
DA:151,0
DA:156,0
DA:200,0
DA:218,0
DA:226,0
LF:7
LH:0
BRDA:163,0,0,0
BRDA:163,0,1,0
BRDA:212,1,0,0
BRDA:212,1,1,0
BRF:4
BRH:0
end_of_record
TN:
SF:src\features\home\components\ReviewsSection.jsx
FN:28,ReviewsSection
FN:33,(anonymous_1)
FN:36,(anonymous_2)
FN:37,(anonymous_3)
FN:40,(anonymous_4)
FN:60,(anonymous_5)
FN:61,(anonymous_6)
FN:74,(anonymous_7)
FN:104,(anonymous_8)
FN:115,(anonymous_9)
FN:119,(anonymous_10)
FN:140,(anonymous_11)
FNF:12
FNH:0
FNDA:0,ReviewsSection
FNDA:0,(anonymous_1)
FNDA:0,(anonymous_2)
FNDA:0,(anonymous_3)
FNDA:0,(anonymous_4)
FNDA:0,(anonymous_5)
FNDA:0,(anonymous_6)
FNDA:0,(anonymous_7)
FNDA:0,(anonymous_8)
FNDA:0,(anonymous_9)
FNDA:0,(anonymous_10)
FNDA:0,(anonymous_11)
DA:4,0
DA:29,0
DA:30,0
DA:31,0
DA:33,0
DA:34,0
DA:36,0
DA:37,0
DA:40,0
DA:43,0
DA:60,0
DA:61,0
DA:75,0
DA:104,0
DA:116,0
DA:119,0
DA:140,0
LF:17
LH:0
BRDA:34,0,0,0
BRDA:34,0,1,0
BRDA:37,1,0,0
BRDA:37,1,1,0
BRDA:121,2,0,0
BRDA:121,2,1,0
BRDA:131,3,0,0
BRDA:131,3,1,0
BRF:8
BRH:0
end_of_record
TN:
SF:src\features\home\components\StatsSection.jsx
FN:12,pseudo01
FN:16,StatsSection
FN:27,(anonymous_2)
FN:55,(anonymous_3)
FN:85,useCounter
FN:88,(anonymous_5)
FN:92,(anonymous_6)
FN:102,(anonymous_7)
FN:111,ProgressCircle
FN:155,Icon
FNF:10
FNH:0
FNDA:0,pseudo01
FNDA:0,StatsSection
FNDA:0,(anonymous_2)
FNDA:0,(anonymous_3)
FNDA:0,useCounter
FNDA:0,(anonymous_5)
FNDA:0,(anonymous_6)
FNDA:0,(anonymous_7)
FNDA:0,ProgressCircle
FNDA:0,Icon
DA:4,0
DA:13,0
DA:17,0
DA:18,0
DA:20,0
DA:29,0
DA:33,0
DA:34,0
DA:35,0
DA:37,0
DA:56,0
DA:86,0
DA:88,0
DA:89,0
DA:90,0
DA:92,0
DA:93,0
DA:94,0
DA:95,0
DA:96,0
DA:98,0
DA:102,0
DA:105,0
DA:112,0
DA:113,0
DA:114,0
DA:115,0
DA:116,0
DA:118,0
DA:156,0
DA:158,0
DA:160,0
DA:166,0
DA:172,0
DA:178,0
DA:184,0
LF:36
LH:0
BRDA:12,0,0,0
BRDA:29,1,0,0
BRDA:29,1,1,0
BRDA:29,2,0,0
BRDA:29,2,1,0
BRDA:59,3,0,0
BRDA:59,3,1,0
BRDA:85,4,0,0
BRDA:94,5,0,0
BRDA:94,5,1,0
BRDA:112,6,0,0
BRDA:112,6,1,0
BRDA:146,7,0,0
BRDA:146,7,1,0
BRDA:158,8,0,0
BRDA:158,8,1,0
BRDA:158,8,2,0
BRDA:158,8,3,0
BRDA:158,8,4,0
BRF:19
BRH:0
end_of_record
TN:
SF:src\features\home\components\Transformations.jsx
FN:25,Transformations
FN:46,(anonymous_1)
FN:47,(anonymous_2)
FN:68,(anonymous_3)
FN:71,(anonymous_4)
FNF:5
FNH:0
FNDA:0,Transformations
FNDA:0,(anonymous_1)
FNDA:0,(anonymous_2)
FNDA:0,(anonymous_3)
FNDA:0,(anonymous_4)
DA:4,0
DA:26,0
DA:27,0
DA:29,0
DA:31,0
DA:46,0
DA:47,0
DA:69,0
DA:71,0
LF:9
LH:0
BRDA:50,0,0,0
BRDA:50,0,1,0
BRDA:73,1,0,0
BRDA:73,1,1,0
BRF:4
BRH:0
end_of_record
TN:
SF:src\features\home\pages\Home.jsx
FN:10,Home
FN:16,(anonymous_1)
FN:50,(anonymous_2)
FNF:3
FNH:0
FNDA:0,Home
FNDA:0,(anonymous_1)
FNDA:0,(anonymous_2)
DA:11,0
DA:16,0
DA:17,0
DA:18,0
DA:19,0
DA:20,0
DA:25,0
DA:51,0
DA:52,0
DA:53,0
LF:10
LH:0
BRDA:17,0,0,0
BRDA:17,0,1,0
BRDA:19,1,0,0
BRDA:19,1,1,0
BRDA:52,2,0,0
BRDA:52,2,1,0
BRF:6
BRH:0
end_of_record
TN:
SF:src\features\home\pages\UserHome.jsx
FN:44,UserHome
FN:51,(anonymous_1)
FN:84,(anonymous_2)
FN:110,(anonymous_3)
FNF:4
FNH:0
FNDA:0,UserHome
FNDA:0,(anonymous_1)
FNDA:0,(anonymous_2)
FNDA:0,(anonymous_3)
DA:9,0
DA:45,0
DA:48,0
DA:51,0
DA:52,0
DA:53,0
DA:54,0
DA:58,0
DA:61,0
DA:84,0
DA:111,0
LF:11
LH:0
BRDA:48,0,0,0
BRDA:48,0,1,0
BRDA:48,0,2,0
BRF:3
BRH:0
end_of_record
TN:
SF:src\features\progress\pages\Progress.jsx
FN:12,Progress
FN:13,(anonymous_1)
FN:18,(anonymous_2)
FN:22,(anonymous_3)
FN:33,(anonymous_4)
FN:61,(anonymous_5)
FN:62,(anonymous_6)
FN:67,(anonymous_7)
FN:99,(anonymous_8)
FN:110,(anonymous_9)
FN:124,(anonymous_10)
FN:132,(anonymous_11)
FN:237,(anonymous_12)
FN:253,(anonymous_13)
FN:262,(anonymous_14)
FNF:15
FNH:0
FNDA:0,Progress
FNDA:0,(anonymous_1)
FNDA:0,(anonymous_2)
FNDA:0,(anonymous_3)
FNDA:0,(anonymous_4)
FNDA:0,(anonymous_5)
FNDA:0,(anonymous_6)
FNDA:0,(anonymous_7)
FNDA:0,(anonymous_8)
FNDA:0,(anonymous_9)
FNDA:0,(anonymous_10)
FNDA:0,(anonymous_11)
FNDA:0,(anonymous_12)
FNDA:0,(anonymous_13)
FNDA:0,(anonymous_14)
DA:13,0
DA:14,0
DA:15,0
DA:18,0
DA:19,0
DA:22,0
DA:23,0
DA:26,0
DA:28,0
DA:33,0
DA:34,0
DA:36,0
DA:37,0
DA:39,0
DA:48,0
DA:49,0
DA:50,0
DA:51,0
DA:53,0
DA:56,0
DA:57,0
DA:58,0
DA:61,0
DA:62,0
DA:63,0
DA:64,0
DA:67,0
DA:68,0
DA:70,0
DA:71,0
DA:73,0
DA:74,0
DA:75,0
DA:77,0
DA:85,0
DA:87,0
DA:100,0
DA:101,0
DA:111,0
DA:112,0
DA:124,0
DA:132,0
DA:238,0
DA:254,0
DA:255,0
DA:262,0
LF:46
LH:0
BRDA:15,0,0,0
BRDA:15,0,1,0
BRDA:19,1,0,0
BRDA:19,1,1,0
BRDA:23,2,0,0
BRDA:23,2,1,0
BRDA:34,3,0,0
BRDA:34,3,1,0
BRDA:34,4,0,0
BRDA:34,4,1,0
BRDA:48,5,0,0
BRDA:48,5,1,0
BRDA:68,6,0,0
BRDA:68,6,1,0
BRDA:140,7,0,0
BRDA:140,7,1,0
BRDA:145,8,0,0
BRDA:145,8,1,0
BRDA:157,9,0,0
BRDA:157,9,1,0
BRDA:160,10,0,0
BRDA:160,10,1,0
BRDA:185,11,0,0
BRDA:185,11,1,0
BRDA:197,12,0,0
BRDA:197,12,1,0
BRF:26
BRH:0
end_of_record
TN:
SF:src\features\settings\pages\Settings.jsx
FN:5,Settings
FN:8,(anonymous_1)
FN:11,(anonymous_2)
FN:18,(anonymous_3)
FN:41,(anonymous_4)
FN:64,(anonymous_5)
FNF:6
FNH:0
FNDA:0,Settings
FNDA:0,(anonymous_1)
FNDA:0,(anonymous_2)
FNDA:0,(anonymous_3)
FNDA:0,(anonymous_4)
FNDA:0,(anonymous_5)
DA:6,0
DA:8,0
DA:9,0
DA:11,0
DA:12,0
DA:14,0
DA:15,0
DA:18,0
DA:19,0
DA:21,0
DA:22,0
DA:23,0
DA:26,0
DA:41,0
DA:64,0
LF:15
LH:0
BRDA:8,0,0,0
BRDA:8,0,1,0
BRDA:12,1,0,0
BRDA:12,1,1,0
BRDA:19,2,0,0
BRDA:19,2,1,0
BRF:6
BRH:0
end_of_record
TN:
SF:src\features\tracker\pages\PremiumTracker.jsx
FN:15,PremiumTracker
FN:19,(anonymous_1)
FN:32,(anonymous_2)
FN:37,(anonymous_3)
FN:41,(anonymous_4)
FN:51,(anonymous_5)
FN:61,(anonymous_6)
FN:72,(anonymous_7)
FN:76,(anonymous_8)
FN:81,(anonymous_9)
FN:86,(anonymous_10)
FN:95,(anonymous_11)
FN:96,(anonymous_12)
FN:100,(anonymous_13)
FN:110,(anonymous_14)
FN:111,(anonymous_15)
FN:182,(anonymous_16)
FN:188,(anonymous_17)
FN:222,(anonymous_18)
FN:240,(anonymous_19)
FN:247,(anonymous_20)
FNF:21
FNH:0
FNDA:0,PremiumTracker
FNDA:0,(anonymous_1)
FNDA:0,(anonymous_2)
FNDA:0,(anonymous_3)
FNDA:0,(anonymous_4)
FNDA:0,(anonymous_5)
FNDA:0,(anonymous_6)
FNDA:0,(anonymous_7)
FNDA:0,(anonymous_8)
FNDA:0,(anonymous_9)
FNDA:0,(anonymous_10)
FNDA:0,(anonymous_11)
FNDA:0,(anonymous_12)
FNDA:0,(anonymous_13)
FNDA:0,(anonymous_14)
FNDA:0,(anonymous_15)
FNDA:0,(anonymous_16)
FNDA:0,(anonymous_17)
FNDA:0,(anonymous_18)
FNDA:0,(anonymous_19)
FNDA:0,(anonymous_20)
DA:13,0
DA:16,0
DA:17,0
DA:19,0
DA:21,0
DA:28,0
DA:29,0
DA:32,0
DA:33,0
DA:37,0
DA:38,0
DA:41,0
DA:42,0
DA:45,0
DA:51,0
DA:52,0
DA:54,0
DA:55,0
DA:57,0
DA:58,0
DA:61,0
DA:62,0
DA:65,0
DA:71,0
DA:72,0
DA:73,0
DA:74,0
DA:76,0
DA:78,0
DA:80,0
DA:81,0
DA:84,0
DA:85,0
DA:86,0
DA:89,0
DA:92,0
DA:95,0
DA:96,0
DA:97,0
DA:100,0
DA:101,0
DA:107,0
DA:110,0
DA:111,0
DA:112,0
DA:113,0
DA:114,0
DA:115,0
DA:119,0
DA:121,0
DA:183,0
DA:189,0
DA:223,0
DA:240,0
DA:247,0
LF:55
LH:0
BRDA:54,0,0,0
BRDA:54,0,1,0
BRDA:54,1,0,0
BRDA:54,1,1,0
BRDA:54,1,2,0
BRDA:54,1,3,0
BRDA:57,2,0,0
BRDA:57,2,1,0
BRDA:57,3,0,0
BRDA:57,3,1,0
BRDA:57,3,2,0
BRDA:67,4,0,0
BRDA:67,4,1,0
BRDA:71,5,0,0
BRDA:71,5,1,0
BRDA:72,6,0,0
BRDA:72,6,1,0
BRDA:80,7,0,0
BRDA:80,7,1,0
BRDA:84,8,0,0
BRDA:84,8,1,0
BRDA:84,9,0,0
BRDA:84,9,1,0
BRDA:112,10,0,0
BRDA:112,10,1,0
BRDA:113,11,0,0
BRDA:113,11,1,0
BRDA:114,12,0,0
BRDA:114,12,1,0
BRDA:119,13,0,0
BRDA:119,13,1,0
BRDA:129,14,0,0
BRDA:129,14,1,0
BRDA:162,15,0,0
BRDA:162,15,1,0
BRDA:179,16,0,0
BRDA:179,16,1,0
BRDA:185,17,0,0
BRDA:185,17,1,0
BRDA:199,18,0,0
BRDA:199,18,1,0
BRDA:202,19,0,0
BRDA:202,19,1,0
BRDA:215,20,0,0
BRDA:215,20,1,0
BRF:45
BRH:0
end_of_record
TN:
SF:src\features\workouts\data\exercises.js
FNF:0
FNH:0
DA:8,1
LF:1
LH:1
BRF:0
BRH:0
end_of_record
TN:
SF:src\features\workouts\data\hydratePrograms.js
FN:10,hydrateProgram
FN:13,(anonymous_1)
FN:15,(anonymous_2)
FN:32,hydratePrograms
FN:37,validatePrograms
FNF:5
FNH:5
FNDA:6,hydrateProgram
FNDA:27,(anonymous_1)
FNDA:135,(anonymous_2)
FNDA:1,hydratePrograms
FNDA:1,validatePrograms
DA:11,6
DA:13,27
DA:16,135
DA:19,135
DA:20,135
DA:22,135
DA:33,1
DA:38,1
DA:40,1
DA:41,6
DA:42,27
DA:43,135
DA:44,0
DA:50,1
LF:14
LH:13
BRDA:19,0,0,135
BRDA:19,0,1,0
BRDA:20,1,0,135
BRDA:20,1,1,0
BRDA:43,2,0,0
BRDA:43,2,1,135
BRF:6
BRH:3
end_of_record
TN:
SF:src\features\workouts\data\programs.js
FNF:0
FNH:0
DA:8,1
DA:335,1
DA:338,1
DA:339,1
DA:340,1
DA:342,0
DA:350,1
LF:7
LH:6
BRDA:338,0,0,1
BRDA:338,0,1,0
BRDA:340,1,0,0
BRDA:340,1,1,1
BRF:4
BRH:2
end_of_record
TN:
SF:src\features\workouts\hook\useExercises.js
FN:5,useExercises
FN:15,(anonymous_1)
FN:20,(anonymous_2)
FN:27,(anonymous_3)
FN:52,(anonymous_4)
FN:54,(anonymous_5)
FN:57,(anonymous_6)
FN:74,(anonymous_7)
FN:75,(anonymous_8)
FNF:9
FNH:0
FNDA:0,useExercises
FNDA:0,(anonymous_1)
FNDA:0,(anonymous_2)
FNDA:0,(anonymous_3)
FNDA:0,(anonymous_4)
FNDA:0,(anonymous_5)
FNDA:0,(anonymous_6)
FNDA:0,(anonymous_7)
FNDA:0,(anonymous_8)
DA:6,0
DA:7,0
DA:8,0
DA:10,0
DA:11,0
DA:13,0
DA:15,0
DA:16,0
DA:20,0
DA:21,0
DA:22,0
DA:23,0
DA:27,0
DA:28,0
DA:29,0
DA:30,0
DA:32,0
DA:33,0
DA:35,0
DA:36,0
DA:42,0
DA:43,0
DA:44,0
DA:46,0
DA:48,0
DA:52,0
DA:53,0
DA:54,0
DA:57,0
DA:58,0
DA:60,0
DA:61,0
DA:62,0
DA:64,0
DA:65,0
DA:67,0
DA:68,0
DA:74,0
DA:75,0
DA:76,0
DA:78,0
DA:80,0
DA:84,0
LF:43
LH:0
BRDA:5,0,0,0
BRDA:5,1,0,0
BRDA:21,2,0,0
BRDA:21,2,1,0
BRDA:46,3,0,0
BRDA:46,3,1,0
BRDA:58,4,0,0
BRDA:58,4,1,0
BRDA:78,5,0,0
BRDA:78,5,1,0
BRF:10
BRH:0
end_of_record
TN:
SF:src\features\workouts\pages\Workouts.jsx
FN:7,Workouts
FN:20,(anonymous_1)
FN:27,(anonymous_2)
FN:28,(anonymous_3)
FN:29,(anonymous_4)
FN:39,(anonymous_5)
FN:42,(anonymous_6)
FN:53,(anonymous_7)
FN:58,(anonymous_8)
FN:88,(anonymous_9)
FN:98,(anonymous_10)
FN:147,(anonymous_11)
FN:163,(anonymous_12)
FN:209,(anonymous_13)
FN:267,(anonymous_14)
FN:274,(anonymous_15)
FN:277,(anonymous_16)
FN:286,(anonymous_17)
FN:289,(anonymous_18)
FN:299,(anonymous_19)
FN:302,(anonymous_20)
FN:310,(anonymous_21)
FN:348,(anonymous_22)
FN:372,(anonymous_23)
FN:380,(anonymous_24)
FNF:25
FNH:16
FNDA:6,Workouts
FNDA:6,(anonymous_1)
FNDA:12,(anonymous_2)
FNDA:12,(anonymous_3)
FNDA:6,(anonymous_4)
FNDA:6,(anonymous_5)
FNDA:12,(anonymous_6)
FNDA:0,(anonymous_7)
FNDA:0,(anonymous_8)
FNDA:36,(anonymous_9)
FNDA:0,(anonymous_10)
FNDA:0,(anonymous_11)
FNDA:0,(anonymous_12)
FNDA:48,(anonymous_13)
FNDA:5,(anonymous_14)
FNDA:0,(anonymous_15)
FNDA:18,(anonymous_16)
FNDA:0,(anonymous_17)
FNDA:18,(anonymous_18)
FNDA:0,(anonymous_19)
FNDA:24,(anonymous_20)
FNDA:0,(anonymous_21)
FNDA:8,(anonymous_22)
FNDA:8,(anonymous_23)
FNDA:8,(anonymous_24)
DA:8,6
DA:11,6
DA:15,6
DA:16,6
DA:17,6
DA:18,6
DA:20,6
DA:21,6
DA:22,6
DA:23,6
DA:25,6
DA:26,12
DA:27,12
DA:28,12
DA:29,12
DA:32,6
DA:39,6
DA:40,6
DA:42,6
DA:44,12
DA:49,12
DA:52,12
DA:53,0
DA:56,12
DA:58,0
DA:60,12
DA:64,6
DA:89,36
DA:99,0
DA:148,0
DA:164,0
DA:210,48
DA:267,5
DA:274,0
DA:278,18
DA:286,0
DA:290,18
DA:299,0
DA:303,24
DA:311,0
DA:312,0
DA:313,0
DA:314,0
DA:349,8
DA:373,8
DA:381,8
LF:46
LH:34
BRDA:26,0,0,12
BRDA:26,0,1,0
BRDA:27,1,0,12
BRDA:27,1,1,0
BRDA:28,2,0,12
BRDA:28,2,1,0
BRDA:29,3,0,12
BRDA:29,3,1,0
BRDA:44,4,0,12
BRDA:44,4,1,10
BRDA:44,4,2,5
BRDA:46,5,0,5
BRDA:46,5,1,0
BRDA:49,6,0,12
BRDA:49,6,1,0
BRDA:52,7,0,12
BRDA:52,7,1,0
BRDA:53,8,0,0
BRDA:53,8,1,0
BRDA:56,9,0,12
BRDA:56,9,1,0
BRDA:56,9,2,0
BRDA:58,10,0,0
BRDA:58,10,1,0
BRDA:60,11,0,12
BRDA:60,11,1,8
BRDA:60,11,2,8
BRDA:60,11,3,8
BRDA:94,12,0,0
BRDA:94,12,1,36
BRDA:100,13,0,0
BRDA:100,13,1,0
BRDA:119,14,0,0
BRDA:119,14,1,36
BRDA:129,15,0,6
BRDA:129,15,1,0
BRDA:172,16,0,0
BRDA:172,16,1,0
BRDA:225,17,0,30
BRDA:225,17,1,18
BRDA:225,18,0,48
BRDA:225,18,1,30
BRDA:258,19,0,6
BRDA:258,19,1,0
BRDA:324,20,0,6
BRDA:324,20,1,0
BRDA:332,21,0,0
BRDA:332,21,1,0
BRDA:363,22,0,8
BRDA:363,22,1,0
BRDA:368,23,0,8
BRDA:368,23,1,0
BRDA:372,24,0,8
BRDA:372,24,1,0
BRDA:380,25,0,8
BRDA:380,25,1,0
BRDA:395,26,0,6
BRDA:395,26,1,6
BRDA:395,26,2,6
BRDA:395,26,3,0
BRDA:402,27,0,6
BRDA:402,27,1,0
BRDA:409,28,0,6
BRDA:409,28,1,6
BRDA:413,29,0,6
BRDA:413,29,1,0
BRDA:413,30,0,6
BRDA:413,30,1,6
BRDA:418,31,0,0
BRDA:418,31,1,6
BRDA:419,32,0,0
BRDA:419,32,1,0
BRF:72
BRH:38
end_of_record
TN:
SF:src\shared\components\CustomCursor.jsx
FN:3,CustomCursor
FN:5,(anonymous_1)
FN:10,(anonymous_2)
FN:15,(anonymous_3)
FN:20,(anonymous_4)
FN:21,(anonymous_5)
FN:24,(anonymous_6)
FN:29,(anonymous_7)
FN:30,(anonymous_8)
FN:33,(anonymous_9)
FN:38,(anonymous_10)
FN:39,(anonymous_11)
FN:42,(anonymous_12)
FN:51,(anonymous_13)
FNF:14
FNH:0
FNDA:0,CustomCursor
FNDA:0,(anonymous_1)
FNDA:0,(anonymous_2)
FNDA:0,(anonymous_3)
FNDA:0,(anonymous_4)
FNDA:0,(anonymous_5)
FNDA:0,(anonymous_6)
FNDA:0,(anonymous_7)
FNDA:0,(anonymous_8)
FNDA:0,(anonymous_9)
FNDA:0,(anonymous_10)
FNDA:0,(anonymous_11)
FNDA:0,(anonymous_12)
FNDA:0,(anonymous_13)
DA:5,0
DA:6,0
DA:7,0
DA:8,0
DA:10,0
DA:11,0
DA:12,0
DA:15,0
DA:16,0
DA:17,0
DA:18,0
DA:20,0
DA:21,0
DA:22,0
DA:24,0
DA:25,0
DA:29,0
DA:30,0
DA:31,0
DA:33,0
DA:34,0
DA:38,0
DA:39,0
DA:40,0
DA:42,0
DA:43,0
DA:48,0
DA:49,0
DA:51,0
DA:52,0
DA:53,0
DA:58,0
LF:32
LH:0
BRF:0
BRH:0
end_of_record
TN:
SF:src\shared\components\ProfileDropdown.jsx
FN:6,useIsMobile
FN:7,(anonymous_1)
FN:11,(anonymous_2)
FN:12,(anonymous_3)
FN:14,(anonymous_4)
FN:20,ProfileDropdown
FN:33,(anonymous_6)
FN:34,(anonymous_7)
FN:39,(anonymous_8)
FN:45,(anonymous_9)
FN:52,(anonymous_10)
FN:58,(anonymous_11)
FN:63,(anonymous_12)
FN:73,(anonymous_13)
FN:82,(anonymous_14)
FN:118,(anonymous_15)
FN:126,(anonymous_16)
FN:134,(anonymous_17)
FN:150,(anonymous_18)
FN:150,(anonymous_19)
FN:194,(anonymous_20)
FN:204,(anonymous_21)
FN:217,DropdownItem
FNF:23
FNH:0
FNDA:0,useIsMobile
FNDA:0,(anonymous_1)
FNDA:0,(anonymous_2)
FNDA:0,(anonymous_3)
FNDA:0,(anonymous_4)
FNDA:0,ProfileDropdown
FNDA:0,(anonymous_6)
FNDA:0,(anonymous_7)
FNDA:0,(anonymous_8)
FNDA:0,(anonymous_9)
FNDA:0,(anonymous_10)
FNDA:0,(anonymous_11)
FNDA:0,(anonymous_12)
FNDA:0,(anonymous_13)
FNDA:0,(anonymous_14)
FNDA:0,(anonymous_15)
FNDA:0,(anonymous_16)
FNDA:0,(anonymous_17)
FNDA:0,(anonymous_18)
FNDA:0,(anonymous_19)
FNDA:0,(anonymous_20)
FNDA:0,(anonymous_21)
FNDA:0,DropdownItem
DA:7,0
DA:8,0
DA:11,0
DA:12,0
DA:13,0
DA:14,0
DA:17,0
DA:21,0
DA:22,0
DA:24,0
DA:25,0
DA:27,0
DA:30,0
DA:33,0
DA:34,0
DA:35,0
DA:36,0
DA:39,0
DA:40,0
DA:43,0
DA:44,0
DA:45,0
DA:46,0
DA:47,0
DA:52,0
DA:53,0
DA:54,0
DA:56,0
DA:57,0
DA:58,0
DA:59,0
DA:63,0
DA:64,0
DA:65,0
DA:67,0
DA:70,0
DA:73,0
DA:74,0
DA:80,0
DA:82,0
DA:83,0
DA:85,0
DA:86,0
DA:88,0
DA:89,0
DA:90,0
DA:92,0
DA:93,0
DA:95,0
DA:99,0
DA:119,0
DA:120,0
DA:127,0
DA:128,0
DA:135,0
DA:136,0
DA:146,0
DA:150,0
DA:194,0
DA:204,0
DA:218,0
LF:61
LH:0
BRDA:6,0,0,0
BRDA:8,1,0,0
BRDA:8,1,1,0
BRDA:30,2,0,0
BRDA:30,2,1,0
BRDA:30,2,2,0
BRDA:35,3,0,0
BRDA:35,3,1,0
BRDA:36,4,0,0
BRDA:36,4,1,0
BRDA:36,5,0,0
BRDA:36,5,1,0
BRDA:40,6,0,0
BRDA:40,6,1,0
BRDA:53,7,0,0
BRDA:53,7,1,0
BRDA:54,8,0,0
BRDA:54,8,1,0
BRDA:83,9,0,0
BRDA:83,9,1,0
BRDA:83,10,0,0
BRDA:83,10,1,0
BRDA:86,11,0,0
BRDA:86,11,1,0
BRDA:160,12,0,0
BRDA:160,12,1,0
BRDA:170,13,0,0
BRDA:170,13,1,0
BRDA:170,13,2,0
BRDA:184,14,0,0
BRDA:184,14,1,0
BRDA:187,15,0,0
BRDA:187,15,1,0
BRDA:223,16,0,0
BRDA:223,16,1,0
BRF:35
BRH:0
end_of_record
TN:
SF:src\shared\components\Sidebar.jsx
FN:25,useIsMobile
FN:26,(anonymous_1)
FN:30,(anonymous_2)
FN:31,(anonymous_3)
FN:33,(anonymous_4)
FN:39,Sidebar
FN:44,(anonymous_6)
FN:52,(anonymous_7)
FN:57,(anonymous_8)
FN:59,(anonymous_9)
FN:63,(anonymous_10)
FN:67,(anonymous_11)
FN:73,(anonymous_12)
FN:78,(anonymous_13)
FN:92,(anonymous_14)
FN:110,(anonymous_15)
FN:135,(anonymous_16)
FN:135,(anonymous_17)
FN:150,(anonymous_18)
FN:162,(anonymous_19)
FN:169,(anonymous_20)
FNF:21
FNH:0
FNDA:0,useIsMobile
FNDA:0,(anonymous_1)
FNDA:0,(anonymous_2)
FNDA:0,(anonymous_3)
FNDA:0,(anonymous_4)
FNDA:0,Sidebar
FNDA:0,(anonymous_6)
FNDA:0,(anonymous_7)
FNDA:0,(anonymous_8)
FNDA:0,(anonymous_9)
FNDA:0,(anonymous_10)
FNDA:0,(anonymous_11)
FNDA:0,(anonymous_12)
FNDA:0,(anonymous_13)
FNDA:0,(anonymous_14)
FNDA:0,(anonymous_15)
FNDA:0,(anonymous_16)
FNDA:0,(anonymous_17)
FNDA:0,(anonymous_18)
FNDA:0,(anonymous_19)
FNDA:0,(anonymous_20)
DA:16,0
DA:26,0
DA:27,0
DA:30,0
DA:31,0
DA:32,0
DA:33,0
DA:36,0
DA:40,0
DA:41,0
DA:44,0
DA:45,0
DA:46,0
DA:48,0
DA:52,0
DA:53,0
DA:57,0
DA:58,0
DA:59,0
DA:60,0
DA:62,0
DA:63,0
DA:67,0
DA:68,0
DA:69,0
DA:71,0
DA:72,0
DA:73,0
DA:74,0
DA:78,0
DA:79,0
DA:80,0
DA:83,0
DA:92,0
DA:110,0
DA:135,0
DA:150,0
DA:163,0
DA:165,0
DA:169,0
LF:40
LH:0
BRDA:25,0,0,0
BRDA:27,1,0,0
BRDA:27,1,1,0
BRDA:46,2,0,0
BRDA:46,2,1,0
BRDA:58,3,0,0
BRDA:58,3,1,0
BRDA:60,4,0,0
BRDA:60,4,1,0
BRDA:68,5,0,0
BRDA:68,5,1,0
BRDA:69,6,0,0
BRDA:69,6,1,0
BRDA:79,7,0,0
BRDA:79,7,1,0
BRDA:80,8,0,0
BRDA:80,8,1,0
BRDA:85,9,0,0
BRDA:85,9,1,0
BRDA:119,10,0,0
BRDA:119,10,1,0
BRDA:119,10,2,0
BRDA:133,11,0,0
BRDA:133,11,1,0
BRDA:140,12,0,0
BRDA:140,12,1,0
BRDA:173,13,0,0
BRDA:173,13,1,0
BRDA:173,14,0,0
BRDA:173,14,1,0
BRDA:177,15,0,0
BRDA:177,15,1,0
BRDA:177,16,0,0
BRDA:177,16,1,0
BRDA:180,17,0,0
BRDA:180,17,1,0
BRDA:187,18,0,0
BRDA:187,18,1,0
BRDA:197,19,0,0
BRDA:197,19,1,0
BRDA:197,19,2,0
BRDA:204,20,0,0
BRDA:204,20,1,0
BRDA:204,20,2,0
BRDA:221,21,0,0
BRDA:221,21,1,0
BRDA:221,22,0,0
BRDA:221,22,1,0
BRDA:224,23,0,0
BRDA:224,23,1,0
BRDA:224,24,0,0
BRDA:224,24,1,0
BRF:52
BRH:0
end_of_record
TN:
SF:src\shared\domain\workoutsRepository.js
FN:10,loadWorkouts
FN:15,saveWorkouts
FN:20,migrateIfNeeded
FNF:3
FNH:3
FNDA:1,loadWorkouts
FNDA:1,saveWorkouts
FNDA:2,migrateIfNeeded
DA:11,1
DA:12,1
DA:16,1
DA:17,1
DA:21,2
LF:5
LH:5
BRDA:21,0,0,1
BRDA:21,0,1,1
BRF:2
BRH:2
end_of_record
TN:
SF:src\shared\hooks\useLocalStorage.js
FNF:0
FNH:0
LF:0
LH:0
BRF:0
BRH:0
end_of_record
TN:
SF:src\shared\hooks\useQueryParam.js
FNF:0
FNH:0
LF:0
LH:0
BRF:0
BRH:0
end_of_record
TN:
SF:src\shared\lib\storage\workoutsStorage.js
FN:6,safeParse
FN:14,getWorkoutsKey
FN:18,readWorkoutsByKey
FN:22,writeWorkoutsByKey
FN:26,migrateGuestToUnlimitedIfNeeded
FNF:5
FNH:0
FNDA:0,safeParse
FNDA:0,getWorkoutsKey
FNDA:0,readWorkoutsByKey
FNDA:0,writeWorkoutsByKey
FNDA:0,migrateGuestToUnlimitedIfNeeded
DA:3,0
DA:4,0
DA:7,0
DA:8,0
DA:10,0
DA:15,0
DA:19,0
DA:23,0
DA:27,0
DA:28,0
DA:30,0
DA:31,0
LF:12
LH:0
BRDA:8,0,0,0
BRDA:8,0,1,0
BRDA:15,1,0,0
BRDA:15,1,1,0
BRDA:30,2,0,0
BRDA:30,2,1,0
BRDA:30,3,0,0
BRDA:30,3,1,0
BRF:8
BRH:0
end_of_record
TN:
SF:src\shared\utils\array.js
FNF:0
FNH:0
LF:0
LH:0
BRF:0
BRH:0
end_of_record
TN:
SF:src\shared\utils\date.js
FNF:0
FNH:0
LF:0
LH:0
BRF:0
BRH:0
end_of_record
TN:
SF:src\shared\utils\storage.js
FNF:0
FNH:0
LF:0
LH:0
BRF:0
BRH:0
end_of_record
TN:
SF:src\shared\validation\auth.validation.js
FNF:0
FNH:0
LF:0
LH:0
BRF:0
BRH:0
end_of_record
TN:
SF:src\shared\validation\tracker.validation.js
FNF:0
FNH:0
LF:0
LH:0
BRF:0
BRH:0
end_of_record
